[2019-10-02 14:13:51,444] {taskinstance.py:620} INFO - Dependencies all met for <TaskInstance: capstone_project_dag.print_the_context 2019-10-02T19:13:28.984345+00:00 [queued]>
[2019-10-02 14:13:51,464] {taskinstance.py:620} INFO - Dependencies all met for <TaskInstance: capstone_project_dag.print_the_context 2019-10-02T19:13:28.984345+00:00 [queued]>
[2019-10-02 14:13:51,464] {taskinstance.py:838} INFO - 
--------------------------------------------------------------------------------
[2019-10-02 14:13:51,464] {taskinstance.py:839} INFO - Starting attempt 1 of 4
[2019-10-02 14:13:51,464] {taskinstance.py:840} INFO - 
--------------------------------------------------------------------------------
[2019-10-02 14:13:51,472] {taskinstance.py:859} INFO - Executing <Task(PythonOperator): print_the_context> on 2019-10-02T19:13:28.984345+00:00
[2019-10-02 14:13:51,472] {base_task_runner.py:133} INFO - Running: ['airflow', 'run', 'capstone_project_dag', 'print_the_context', '2019-10-02T19:13:28.984345+00:00', '--job_id', '74', '--pool', 'default_pool', '--raw', '-sd', 'DAGS_FOLDER/project_dag.py', '--cfg_path', '/var/folders/dr/9yvjlnm11xv25k2gknf2n3z00000gn/T/tmpsgvis09n']
[2019-10-02 14:13:51,966] {base_task_runner.py:115} INFO - Job 74: Subtask print_the_context /usr/local/lib/python3.7/site-packages/airflow/configuration.py:627: DeprecationWarning: You have two airflow.cfg files: /Users/victorialemay/airflow/airflow.cfg and /Users/victorialemay/Courses/Udacity/Data Engineering Nanodegree/capstone/project-archive/airflow/airflow.cfg. Airflow used to look at ~/airflow/airflow.cfg, even when AIRFLOW_HOME was set to a different value. Airflow will now only read /Users/victorialemay/Courses/Udacity/Data Engineering Nanodegree/capstone/project-archive/airflow/airflow.cfg, and you should remove the other file
[2019-10-02 14:13:51,966] {base_task_runner.py:115} INFO - Job 74: Subtask print_the_context   category=DeprecationWarning,
[2019-10-02 14:13:52,086] {base_task_runner.py:115} INFO - Job 74: Subtask print_the_context [2019-10-02 14:13:52,086] {settings.py:213} INFO - settings.configure_orm(): Using pool settings. pool_size=5, max_overflow=10, pool_recycle=1800, pid=98139
[2019-10-02 14:13:52,232] {base_task_runner.py:115} INFO - Job 74: Subtask print_the_context [2019-10-02 14:13:52,231] {plugins_manager.py:148} ERROR - No module named 'plugins'
[2019-10-02 14:13:52,233] {base_task_runner.py:115} INFO - Job 74: Subtask print_the_context Traceback (most recent call last):
[2019-10-02 14:13:52,233] {base_task_runner.py:115} INFO - Job 74: Subtask print_the_context   File "/usr/local/lib/python3.7/site-packages/airflow/plugins_manager.py", line 142, in <module>
[2019-10-02 14:13:52,233] {base_task_runner.py:115} INFO - Job 74: Subtask print_the_context     m = imp.load_source(namespace, filepath)
[2019-10-02 14:13:52,233] {base_task_runner.py:115} INFO - Job 74: Subtask print_the_context   File "/usr/local/Cellar/python/3.7.3/Frameworks/Python.framework/Versions/3.7/lib/python3.7/imp.py", line 171, in load_source
[2019-10-02 14:13:52,233] {base_task_runner.py:115} INFO - Job 74: Subtask print_the_context     module = _load(spec)
[2019-10-02 14:13:52,233] {base_task_runner.py:115} INFO - Job 74: Subtask print_the_context   File "<frozen importlib._bootstrap>", line 696, in _load
[2019-10-02 14:13:52,233] {base_task_runner.py:115} INFO - Job 74: Subtask print_the_context   File "<frozen importlib._bootstrap>", line 677, in _load_unlocked
[2019-10-02 14:13:52,233] {base_task_runner.py:115} INFO - Job 74: Subtask print_the_context   File "<frozen importlib._bootstrap_external>", line 728, in exec_module
[2019-10-02 14:13:52,233] {base_task_runner.py:115} INFO - Job 74: Subtask print_the_context   File "<frozen importlib._bootstrap>", line 219, in _call_with_frames_removed
[2019-10-02 14:13:52,233] {base_task_runner.py:115} INFO - Job 74: Subtask print_the_context   File "/Users/victorialemay/Courses/Udacity/Data Engineering Nanodegree/capstone/project-archive/airflow/plugins/__init__.py", line 5, in <module>
[2019-10-02 14:13:52,233] {base_task_runner.py:115} INFO - Job 74: Subtask print_the_context     import plugins.operators
[2019-10-02 14:13:52,233] {base_task_runner.py:115} INFO - Job 74: Subtask print_the_context ModuleNotFoundError: No module named 'plugins'
[2019-10-02 14:13:52,233] {base_task_runner.py:115} INFO - Job 74: Subtask print_the_context [2019-10-02 14:13:52,232] {plugins_manager.py:149} ERROR - Failed to import plugin /Users/victorialemay/Courses/Udacity/Data Engineering Nanodegree/capstone/project-archive/airflow/plugins/__init__.py
[2019-10-02 14:13:52,234] {base_task_runner.py:115} INFO - Job 74: Subtask print_the_context [2019-10-02 14:13:52,233] {plugins_manager.py:148} ERROR - No module named 'plugins'
[2019-10-02 14:13:52,234] {base_task_runner.py:115} INFO - Job 74: Subtask print_the_context Traceback (most recent call last):
[2019-10-02 14:13:52,234] {base_task_runner.py:115} INFO - Job 74: Subtask print_the_context   File "/usr/local/lib/python3.7/site-packages/airflow/plugins_manager.py", line 142, in <module>
[2019-10-02 14:13:52,234] {base_task_runner.py:115} INFO - Job 74: Subtask print_the_context     m = imp.load_source(namespace, filepath)
[2019-10-02 14:13:52,234] {base_task_runner.py:115} INFO - Job 74: Subtask print_the_context   File "/usr/local/Cellar/python/3.7.3/Frameworks/Python.framework/Versions/3.7/lib/python3.7/imp.py", line 171, in load_source
[2019-10-02 14:13:52,234] {base_task_runner.py:115} INFO - Job 74: Subtask print_the_context     module = _load(spec)
[2019-10-02 14:13:52,234] {base_task_runner.py:115} INFO - Job 74: Subtask print_the_context   File "<frozen importlib._bootstrap>", line 696, in _load
[2019-10-02 14:13:52,234] {base_task_runner.py:115} INFO - Job 74: Subtask print_the_context   File "<frozen importlib._bootstrap>", line 677, in _load_unlocked
[2019-10-02 14:13:52,234] {base_task_runner.py:115} INFO - Job 74: Subtask print_the_context   File "<frozen importlib._bootstrap_external>", line 728, in exec_module
[2019-10-02 14:13:52,234] {base_task_runner.py:115} INFO - Job 74: Subtask print_the_context   File "<frozen importlib._bootstrap>", line 219, in _call_with_frames_removed
[2019-10-02 14:13:52,234] {base_task_runner.py:115} INFO - Job 74: Subtask print_the_context   File "/Users/victorialemay/Courses/Udacity/Data Engineering Nanodegree/capstone/project-archive/airflow/plugins/operators/__init__.py", line 1, in <module>
[2019-10-02 14:13:52,234] {base_task_runner.py:115} INFO - Job 74: Subtask print_the_context     from plugins.operators.load_files_to_s3 import LoadLocalFilesToS3Operator
[2019-10-02 14:13:52,234] {base_task_runner.py:115} INFO - Job 74: Subtask print_the_context ModuleNotFoundError: No module named 'plugins'
[2019-10-02 14:13:52,235] {base_task_runner.py:115} INFO - Job 74: Subtask print_the_context [2019-10-02 14:13:52,234] {plugins_manager.py:149} ERROR - Failed to import plugin /Users/victorialemay/Courses/Udacity/Data Engineering Nanodegree/capstone/project-archive/airflow/plugins/operators/__init__.py
[2019-10-02 14:13:52,295] {base_task_runner.py:115} INFO - Job 74: Subtask print_the_context [2019-10-02 14:13:52,295] {plugins_manager.py:148} ERROR - No module named 'plugins'
[2019-10-02 14:13:52,296] {base_task_runner.py:115} INFO - Job 74: Subtask print_the_context Traceback (most recent call last):
[2019-10-02 14:13:52,296] {base_task_runner.py:115} INFO - Job 74: Subtask print_the_context   File "/usr/local/lib/python3.7/site-packages/airflow/plugins_manager.py", line 142, in <module>
[2019-10-02 14:13:52,296] {base_task_runner.py:115} INFO - Job 74: Subtask print_the_context     m = imp.load_source(namespace, filepath)
[2019-10-02 14:13:52,296] {base_task_runner.py:115} INFO - Job 74: Subtask print_the_context   File "/usr/local/Cellar/python/3.7.3/Frameworks/Python.framework/Versions/3.7/lib/python3.7/imp.py", line 171, in load_source
[2019-10-02 14:13:52,296] {base_task_runner.py:115} INFO - Job 74: Subtask print_the_context     module = _load(spec)
[2019-10-02 14:13:52,296] {base_task_runner.py:115} INFO - Job 74: Subtask print_the_context   File "<frozen importlib._bootstrap>", line 696, in _load
[2019-10-02 14:13:52,296] {base_task_runner.py:115} INFO - Job 74: Subtask print_the_context   File "<frozen importlib._bootstrap>", line 677, in _load_unlocked
[2019-10-02 14:13:52,296] {base_task_runner.py:115} INFO - Job 74: Subtask print_the_context   File "<frozen importlib._bootstrap_external>", line 728, in exec_module
[2019-10-02 14:13:52,296] {base_task_runner.py:115} INFO - Job 74: Subtask print_the_context   File "<frozen importlib._bootstrap>", line 219, in _call_with_frames_removed
[2019-10-02 14:13:52,296] {base_task_runner.py:115} INFO - Job 74: Subtask print_the_context   File "/Users/victorialemay/Courses/Udacity/Data Engineering Nanodegree/capstone/project-archive/airflow/plugins/helpers/__init__.py", line 1, in <module>
[2019-10-02 14:13:52,296] {base_task_runner.py:115} INFO - Job 74: Subtask print_the_context     from plugins.helpers.sql_queries import SqlQueries
[2019-10-02 14:13:52,297] {base_task_runner.py:115} INFO - Job 74: Subtask print_the_context ModuleNotFoundError: No module named 'plugins'
[2019-10-02 14:13:52,297] {base_task_runner.py:115} INFO - Job 74: Subtask print_the_context [2019-10-02 14:13:52,296] {plugins_manager.py:149} ERROR - Failed to import plugin /Users/victorialemay/Courses/Udacity/Data Engineering Nanodegree/capstone/project-archive/airflow/plugins/helpers/__init__.py
[2019-10-02 14:13:52,312] {base_task_runner.py:115} INFO - Job 74: Subtask print_the_context [2019-10-02 14:13:52,311] {__init__.py:51} INFO - Using executor LocalExecutor
[2019-10-02 14:13:52,670] {base_task_runner.py:115} INFO - Job 74: Subtask print_the_context [2019-10-02 14:13:52,669] {dagbag.py:90} INFO - Filling up the DagBag from /Users/victorialemay/Courses/Udacity/Data Engineering Nanodegree/capstone/project-archive/airflow/dags/project_dag.py
[2019-10-02 14:13:52,708] {base_task_runner.py:115} INFO - Job 74: Subtask print_the_context [2019-10-02 14:13:52,708] {cli.py:516} INFO - Running <TaskInstance: capstone_project_dag.print_the_context 2019-10-02T19:13:28.984345+00:00 [running]> on host 1.0.0.0.0.0.0.0.0.0.0.0.0.0.0.0.0.0.0.0.0.0.0.0.0.0.0.0.0.0.0.0.ip6.arpa
[2019-10-02 14:13:52,735] {python_operator.py:105} INFO - Exporting the following env vars:
AIRFLOW_CTX_DAG_ID=capstone_project_dag
AIRFLOW_CTX_TASK_ID=print_the_context
AIRFLOW_CTX_EXECUTION_DATE=2019-10-02T19:13:28.984345+00:00
AIRFLOW_CTX_DAG_RUN_ID=manual__2019-10-02T19:13:28.984345+00:00
[2019-10-02 14:13:52,735] {logging_mixin.py:95} INFO - ['/usr/local/bin', '/usr/local/Cellar/python/3.7.3/Frameworks/Python.framework/Versions/3.7/lib/python37.zip', '/usr/local/Cellar/python/3.7.3/Frameworks/Python.framework/Versions/3.7/lib/python3.7', '/usr/local/Cellar/python/3.7.3/Frameworks/Python.framework/Versions/3.7/lib/python3.7/lib-dynload', '/usr/local/lib/python3.7/site-packages', '/Users/victorialemay/Courses/Udacity/Data Engineering Nanodegree/capstone/project-archive/airflow/dags', '/Users/victorialemay/Courses/Udacity/Data Engineering Nanodegree/capstone/project-archive/airflow/config', '/Users/victorialemay/Courses/Udacity/Data Engineering Nanodegree/capstone/project-archive/airflow/plugins']
[2019-10-02 14:13:52,735] {python_operator.py:114} INFO - Done. Returned value was: ['/usr/local/bin', '/usr/local/Cellar/python/3.7.3/Frameworks/Python.framework/Versions/3.7/lib/python37.zip', '/usr/local/Cellar/python/3.7.3/Frameworks/Python.framework/Versions/3.7/lib/python3.7', '/usr/local/Cellar/python/3.7.3/Frameworks/Python.framework/Versions/3.7/lib/python3.7/lib-dynload', '/usr/local/lib/python3.7/site-packages', '/Users/victorialemay/Courses/Udacity/Data Engineering Nanodegree/capstone/project-archive/airflow/dags', '/Users/victorialemay/Courses/Udacity/Data Engineering Nanodegree/capstone/project-archive/airflow/config', '/Users/victorialemay/Courses/Udacity/Data Engineering Nanodegree/capstone/project-archive/airflow/plugins']
[2019-10-02 14:13:56,429] {logging_mixin.py:95} INFO - [[34m2019-10-02 14:13:56,429[0m] {[34mlocal_task_job.py:[0m105} INFO[0m - Task exited with return code 0[0m
